# JRE version: Java(TM) SE Runtime Environment (8.0_111-b14) (build 1.8.0_111-b14)
# Java VM: Java HotSpot(TM) 64-Bit Server VM (25.111-b14 mixed mode windows-amd64 compressed oops)
Heap:
 PSYoungGen      total 226816K, used 119437K [0x00000000eb400000, 0x0000000100000000, 0x0000000100000000)
  eden space 113664K, 67% used [0x00000000eb400000,0x00000000efe65dd8,0x00000000f2300000)
  from space 113152K, 38% used [0x00000000f2300000,0x00000000f4d3d800,0x00000000f9180000)
  to   space 113152K, 0% used [0x00000000f9180000,0x00000000f9180000,0x0000000100000000)
 ParOldGen       total 291328K, used 115751K [0x00000000c1c00000, 0x00000000d3880000, 0x00000000eb400000)
  object space 291328K, 39% used [0x00000000c1c00000,0x00000000c8d09fc8,0x00000000d3880000)
 Metaspace       used 160380K, capacity 162265K, committed 249856K, reserved 1255424K
  class space    used 24186K, capacity 24745K, committed 44032K, reserved 1048576K
GC Heap History (10 events):
Event: 9932.757 GC heap before
{Heap before GC invocations=202 (full 8):
 PSYoungGen      total 226816K, used 164423K [0x00000000eb400000, 0x0000000100000000, 0x0000000100000000)
  eden space 113664K, 100% used [0x00000000eb400000,0x00000000f2300000,0x00000000f2300000)
  from space 113152K, 44% used [0x00000000f2300000,0x00000000f5491ca0,0x00000000f9180000)
  to   space 113152K, 0% used [0x00000000f9180000,0x00000000f9180000,0x0000000100000000)
 ParOldGen       total 266752K, used 197138K [0x00000000c1c00000, 0x00000000d2080000, 0x00000000eb400000)
  object space 266752K, 73% used [0x00000000c1c00000,0x00000000cdc84998,0x00000000d2080000)
 Metaspace       used 207306K, capacity 210877K, committed 251904K, reserved 1257472K
  class space    used 31926K, capacity 32953K, committed 44032K, reserved 1048576K
Event: 9933.141 GC heap after
Heap after GC invocations=202 (full 8):
 PSYoungGen      total 226816K, used 57908K [0x00000000eb400000, 0x0000000100000000, 0x0000000100000000)
  eden space 113664K, 0% used [0x00000000eb400000,0x00000000eb400000,0x00000000f2300000)
  from space 113152K, 51% used [0x00000000f9180000,0x00000000fca0d170,0x0000000100000000)
  to   space 113152K, 0% used [0x00000000f2300000,0x00000000f2300000,0x00000000f9180000)
 ParOldGen       total 266752K, used 199187K [0x00000000c1c00000, 0x00000000d2080000, 0x00000000eb400000)
  object space 266752K, 74% used [0x00000000c1c00000,0x00000000cde84ef0,0x00000000d2080000)
 Metaspace       used 207306K, capacity 210877K, committed 251904K, reserved 1257472K
  class space    used 31926K, capacity 32953K, committed 44032K, reserved 1048576K
}
Event: 9938.285 GC heap before
{Heap before GC invocations=203 (full 8):
 PSYoungGen      total 226816K, used 171572K [0x00000000eb400000, 0x0000000100000000, 0x0000000100000000)
  eden space 113664K, 100% used [0x00000000eb400000,0x00000000f2300000,0x00000000f2300000)
  from space 113152K, 51% used [0x00000000f9180000,0x00000000fca0d170,0x0000000100000000)
  to   space 113152K, 0% used [0x00000000f2300000,0x00000000f2300000,0x00000000f9180000)
 ParOldGen       total 266752K, used 199187K [0x00000000c1c00000, 0x00000000d2080000, 0x00000000eb400000)
  object space 266752K, 74% used [0x00000000c1c00000,0x00000000cde84ef0,0x00000000d2080000)
 Metaspace       used 207307K, capacity 210877K, committed 251904K, reserved 1257472K
  class space    used 31926K, capacity 32953K, committed 44032K, reserved 1048576K
Event: 9939.754 GC heap after
Heap after GC invocations=203 (full 8):
 PSYoungGen      total 226816K, used 19019K [0x00000000eb400000, 0x0000000100000000, 0x0000000100000000)
  eden space 113664K, 0% used [0x00000000eb400000,0x00000000eb400000,0x00000000f2300000)
  from space 113152K, 16% used [0x00000000f2300000,0x00000000f3592d28,0x00000000f9180000)
  to   space 113152K, 0% used [0x00000000f9180000,0x00000000f9180000,0x0000000100000000)
 ParOldGen       total 266752K, used 231603K [0x00000000c1c00000, 0x00000000d2080000, 0x00000000eb400000)
  object space 266752K, 86% used [0x00000000c1c00000,0x00000000cfe2cda8,0x00000000d2080000)
 Metaspace       used 207307K, capacity 210877K, committed 251904K, reserved 1257472K
  class space    used 31926K, capacity 32953K, committed 44032K, reserved 1048576K
}
Event: 9942.965 GC heap before
{Heap before GC invocations=204 (full 8):
 PSYoungGen      total 226816K, used 132683K [0x00000000eb400000, 0x0000000100000000, 0x0000000100000000)
  eden space 113664K, 100% used [0x00000000eb400000,0x00000000f2300000,0x00000000f2300000)
  from space 113152K, 16% used [0x00000000f2300000,0x00000000f3592d28,0x00000000f9180000)
  to   space 113152K, 0% used [0x00000000f9180000,0x00000000f9180000,0x0000000100000000)
 ParOldGen       total 266752K, used 231603K [0x00000000c1c00000, 0x00000000d2080000, 0x00000000eb400000)
  object space 266752K, 86% used [0x00000000c1c00000,0x00000000cfe2cda8,0x00000000d2080000)
 Metaspace       used 210280K, capacity 213973K, committed 251904K, reserved 1257472K
  class space    used 32442K, capacity 33473K, committed 44032K, reserved 1048576K
Event: 9943.389 GC heap after
Heap after GC invocations=204 (full 8):
 PSYoungGen      total 226816K, used 17388K [0x00000000eb400000, 0x0000000100000000, 0x0000000100000000)
  eden space 113664K, 0% used [0x00000000eb400000,0x00000000eb400000,0x00000000f2300000)
  from space 113152K, 15% used [0x00000000f9180000,0x00000000fa27b078,0x0000000100000000)
  to   space 113152K, 0% used [0x00000000f2300000,0x00000000f2300000,0x00000000f9180000)
 ParOldGen       total 266752K, used 245061K [0x00000000c1c00000, 0x00000000d2080000, 0x00000000eb400000)
  object space 266752K, 91% used [0x00000000c1c00000,0x00000000d0b514e8,0x00000000d2080000)
 Metaspace       used 210280K, capacity 213973K, committed 251904K, reserved 1257472K
  class space    used 32442K, capacity 33473K, committed 44032K, reserved 1048576K
}
Event: 9943.390 GC heap before
{Heap before GC invocations=205 (full 9):
 PSYoungGen      total 226816K, used 17388K [0x00000000eb400000, 0x0000000100000000, 0x0000000100000000)
  eden space 113664K, 0% used [0x00000000eb400000,0x00000000eb400000,0x00000000f2300000)
  from space 113152K, 15% used [0x00000000f9180000,0x00000000fa27b078,0x0000000100000000)
  to   space 113152K, 0% used [0x00000000f2300000,0x00000000f2300000,0x00000000f9180000)
 ParOldGen       total 266752K, used 245061K [0x00000000c1c00000, 0x00000000d2080000, 0x00000000eb400000)
  object space 266752K, 91% used [0x00000000c1c00000,0x00000000d0b514e8,0x00000000d2080000)
 Metaspace       used 210280K, capacity 213973K, committed 251904K, reserved 1257472K
  class space    used 32442K, capacity 33473K, committed 44032K, reserved 1048576K
Event: 9945.782 GC heap after
Heap after GC invocations=205 (full 9):
 PSYoungGen      total 226816K, used 0K [0x00000000eb400000, 0x0000000100000000, 0x0000000100000000)
  eden space 113664K, 0% used [0x00000000eb400000,0x00000000eb400000,0x00000000f2300000)
  from space 113152K, 0% used [0x00000000f9180000,0x00000000f9180000,0x0000000100000000)
  to   space 113152K, 0% used [0x00000000f2300000,0x00000000f2300000,0x00000000f9180000)
 ParOldGen       total 291328K, used 115751K [0x00000000c1c00000, 0x00000000d3880000, 0x00000000eb400000)
  object space 291328K, 39% used [0x00000000c1c00000,0x00000000c8d09fc8,0x00000000d3880000)
 Metaspace       used 159813K, capacity 161601K, committed 249856K, reserved 1255424K
  class space    used 24011K, capacity 24549K, committed 44032K, reserved 1048576K
}
Event: 9947.872 GC heap before
{Heap before GC invocations=206 (full 9):
 PSYoungGen      total 226816K, used 113664K [0x00000000eb400000, 0x0000000100000000, 0x0000000100000000)
  eden space 113664K, 100% used [0x00000000eb400000,0x00000000f2300000,0x00000000f2300000)
  from space 113152K, 0% used [0x00000000f9180000,0x00000000f9180000,0x0000000100000000)
  to   space 113152K, 0% used [0x00000000f2300000,0x00000000f2300000,0x00000000f9180000)
 ParOldGen       total 291328K, used 115751K [0x00000000c1c00000, 0x00000000d3880000, 0x00000000eb400000)
  object space 291328K, 39% used [0x00000000c1c00000,0x00000000c8d09fc8,0x00000000d3880000)
 Metaspace       used 160050K, capacity 161945K, committed 249856K, reserved 1255424K
  class space    used 24124K, capacity 24681K, committed 44032K, reserved 1048576K
Event: 9947.971 GC heap after
Heap after GC invocations=206 (full 9):
 PSYoungGen      total 226816K, used 43254K [0x00000000eb400000, 0x0000000100000000, 0x0000000100000000)
  eden space 113664K, 0% used [0x00000000eb400000,0x00000000eb400000,0x00000000f2300000)
  from space 113152K, 38% used [0x00000000f2300000,0x00000000f4d3d800,0x00000000f9180000)
  to   space 113152K, 0% used [0x00000000f9180000,0x00000000f9180000,0x0000000100000000)
 ParOldGen       total 291328K, used 115751K [0x00000000c1c00000, 0x00000000d3880000, 0x00000000eb400000)
  object space 291328K, 39% used [0x00000000c1c00000,0x00000000c8d09fc8,0x00000000d3880000)
 Metaspace       used 160050K, capacity 161945K, committed 249856K, reserved 1255424K
  class space    used 24124K, capacity 24681K, committed 44032K, reserved 1048576K
}

