# JRE version: Java(TM) SE Runtime Environment (8.0_111-b14) (build 1.8.0_111-b14)
# Java VM: Java HotSpot(TM) 64-Bit Server VM (25.111-b14 mixed mode windows-amd64 compressed oops)
Heap:
 PSYoungGen      total 227840K, used 84547K [0x00000000eb400000, 0x00000000ff480000, 0x0000000100000000)
  eden space 164352K, 14% used [0x00000000eb400000,0x00000000ecbf05f8,0x00000000f5480000)
  from space 63488K, 94% used [0x00000000f9c80000,0x00000000fd7208b0,0x00000000fda80000)
  to   space 73728K, 0% used [0x00000000f5480000,0x00000000f5480000,0x00000000f9c80000)
 ParOldGen       total 229888K, used 112719K [0x00000000c1c00000, 0x00000000cfc80000, 0x00000000eb400000)
  object space 229888K, 49% used [0x00000000c1c00000,0x00000000c8a13fa8,0x00000000cfc80000)
 Metaspace       used 176593K, capacity 178469K, committed 181632K, reserved 1202176K
  class space    used 26538K, capacity 27205K, committed 29824K, reserved 1048576K
GC Heap History (10 events):
Event: 3435.229 GC heap before
{Heap before GC invocations=118 (full 6):
 PSYoungGen      total 226304K, used 160563K [0x00000000eb400000, 0x00000000fe280000, 0x0000000100000000)
  eden space 139776K, 100% used [0x00000000eb400000,0x00000000f3c80000,0x00000000f3c80000)
  from space 86528K, 24% used [0x00000000f3c80000,0x00000000f50ccce8,0x00000000f9100000)
  to   space 80384K, 0% used [0x00000000f9400000,0x00000000f9400000,0x00000000fe280000)
 ParOldGen       total 229888K, used 112703K [0x00000000c1c00000, 0x00000000cfc80000, 0x00000000eb400000)
  object space 229888K, 49% used [0x00000000c1c00000,0x00000000c8a0ffa8,0x00000000cfc80000)
 Metaspace       used 169647K, capacity 171435K, committed 180268K, reserved 1200128K
  class space    used 25395K, capacity 26020K, committed 29824K, reserved 1048576K
Event: 3435.297 GC heap after
Heap after GC invocations=118 (full 6):
 PSYoungGen      total 220160K, used 16947K [0x00000000eb400000, 0x00000000fd900000, 0x0000000100000000)
  eden space 149504K, 0% used [0x00000000eb400000,0x00000000eb400000,0x00000000f4600000)
  from space 70656K, 23% used [0x00000000f9400000,0x00000000fa48cfd0,0x00000000fd900000)
  to   space 75264K, 0% used [0x00000000f4600000,0x00000000f4600000,0x00000000f8f80000)
 ParOldGen       total 229888K, used 112703K [0x00000000c1c00000, 0x00000000cfc80000, 0x00000000eb400000)
  object space 229888K, 49% used [0x00000000c1c00000,0x00000000c8a0ffa8,0x00000000cfc80000)
 Metaspace       used 169647K, capacity 171435K, committed 180268K, reserved 1200128K
  class space    used 25395K, capacity 26020K, committed 29824K, reserved 1048576K
}
Event: 3446.437 GC heap before
{Heap before GC invocations=119 (full 6):
 PSYoungGen      total 220160K, used 166451K [0x00000000eb400000, 0x00000000fd900000, 0x0000000100000000)
  eden space 149504K, 100% used [0x00000000eb400000,0x00000000f4600000,0x00000000f4600000)
  from space 70656K, 23% used [0x00000000f9400000,0x00000000fa48cfd0,0x00000000fd900000)
  to   space 75264K, 0% used [0x00000000f4600000,0x00000000f4600000,0x00000000f8f80000)
 ParOldGen       total 229888K, used 112703K [0x00000000c1c00000, 0x00000000cfc80000, 0x00000000eb400000)
  object space 229888K, 49% used [0x00000000c1c00000,0x00000000c8a0ffa8,0x00000000cfc80000)
 Metaspace       used 171495K, capacity 173259K, committed 180268K, reserved 1200128K
  class space    used 25653K, capacity 26244K, committed 29824K, reserved 1048576K
Event: 3446.602 GC heap after
Heap after GC invocations=119 (full 6):
 PSYoungGen      total 224768K, used 9090K [0x00000000eb400000, 0x00000000fdd80000, 0x0000000100000000)
  eden space 149504K, 0% used [0x00000000eb400000,0x00000000eb400000,0x00000000f4600000)
  from space 75264K, 12% used [0x00000000f4600000,0x00000000f4ee0a88,0x00000000f8f80000)
  to   space 72192K, 0% used [0x00000000f9700000,0x00000000f9700000,0x00000000fdd80000)
 ParOldGen       total 229888K, used 112703K [0x00000000c1c00000, 0x00000000cfc80000, 0x00000000eb400000)
  object space 229888K, 49% used [0x00000000c1c00000,0x00000000c8a0ffa8,0x00000000cfc80000)
 Metaspace       used 171495K, capacity 173259K, committed 180268K, reserved 1200128K
  class space    used 25653K, capacity 26244K, committed 29824K, reserved 1048576K
}
Event: 4245.900 GC heap before
{Heap before GC invocations=120 (full 6):
 PSYoungGen      total 224768K, used 158594K [0x00000000eb400000, 0x00000000fdd80000, 0x0000000100000000)
  eden space 149504K, 100% used [0x00000000eb400000,0x00000000f4600000,0x00000000f4600000)
  from space 75264K, 12% used [0x00000000f4600000,0x00000000f4ee0a88,0x00000000f8f80000)
  to   space 72192K, 0% used [0x00000000f9700000,0x00000000f9700000,0x00000000fdd80000)
 ParOldGen       total 229888K, used 112703K [0x00000000c1c00000, 0x00000000cfc80000, 0x00000000eb400000)
  object space 229888K, 49% used [0x00000000c1c00000,0x00000000c8a0ffa8,0x00000000cfc80000)
 Metaspace       used 174738K, capacity 176653K, committed 180268K, reserved 1200128K
  class space    used 26223K, capacity 26838K, committed 29824K, reserved 1048576K
Event: 4250.604 GC heap after
Heap after GC invocations=120 (full 6):
 PSYoungGen      total 220160K, used 20756K [0x00000000eb400000, 0x00000000fd280000, 0x0000000100000000)
  eden space 159232K, 0% used [0x00000000eb400000,0x00000000eb400000,0x00000000f4f80000)
  from space 60928K, 34% used [0x00000000f9700000,0x00000000fab45198,0x00000000fd280000)
  to   space 67072K, 0% used [0x00000000f4f80000,0x00000000f4f80000,0x00000000f9100000)
 ParOldGen       total 229888K, used 112711K [0x00000000c1c00000, 0x00000000cfc80000, 0x00000000eb400000)
  object space 229888K, 49% used [0x00000000c1c00000,0x00000000c8a11fa8,0x00000000cfc80000)
 Metaspace       used 174738K, capacity 176653K, committed 180268K, reserved 1200128K
  class space    used 26223K, capacity 26838K, committed 29824K, reserved 1048576K
}
Event: 4266.081 GC heap before
{Heap before GC invocations=121 (full 6):
 PSYoungGen      total 220160K, used 179988K [0x00000000eb400000, 0x00000000fd280000, 0x0000000100000000)
  eden space 159232K, 100% used [0x00000000eb400000,0x00000000f4f80000,0x00000000f4f80000)
  from space 60928K, 34% used [0x00000000f9700000,0x00000000fab45198,0x00000000fd280000)
  to   space 67072K, 0% used [0x00000000f4f80000,0x00000000f4f80000,0x00000000f9100000)
 ParOldGen       total 229888K, used 112711K [0x00000000c1c00000, 0x00000000cfc80000, 0x00000000eb400000)
  object space 229888K, 49% used [0x00000000c1c00000,0x00000000c8a11fa8,0x00000000cfc80000)
 Metaspace       used 175982K, capacity 177837K, committed 181292K, reserved 1200128K
  class space    used 26360K, capacity 26977K, committed 29824K, reserved 1048576K
Event: 4266.970 GC heap after
Heap after GC invocations=121 (full 6):
 PSYoungGen      total 226304K, used 15263K [0x00000000eb400000, 0x00000000fda80000, 0x0000000100000000)
  eden space 159232K, 0% used [0x00000000eb400000,0x00000000eb400000,0x00000000f4f80000)
  from space 67072K, 22% used [0x00000000f4f80000,0x00000000f5e67fd0,0x00000000f9100000)
  to   space 63488K, 0% used [0x00000000f9c80000,0x00000000f9c80000,0x00000000fda80000)
 ParOldGen       total 229888K, used 112719K [0x00000000c1c00000, 0x00000000cfc80000, 0x00000000eb400000)
  object space 229888K, 49% used [0x00000000c1c00000,0x00000000c8a13fa8,0x00000000cfc80000)
 Metaspace       used 175982K, capacity 177837K, committed 181292K, reserved 1200128K
  class space    used 26360K, capacity 26977K, committed 29824K, reserved 1048576K
}
Event: 4288.771 GC heap before
{Heap before GC invocations=122 (full 6):
 PSYoungGen      total 226304K, used 174495K [0x00000000eb400000, 0x00000000fda80000, 0x0000000100000000)
  eden space 159232K, 100% used [0x00000000eb400000,0x00000000f4f80000,0x00000000f4f80000)
  from space 67072K, 22% used [0x00000000f4f80000,0x00000000f5e67fd0,0x00000000f9100000)
  to   space 63488K, 0% used [0x00000000f9c80000,0x00000000f9c80000,0x00000000fda80000)
 ParOldGen       total 229888K, used 112719K [0x00000000c1c00000, 0x00000000cfc80000, 0x00000000eb400000)
  object space 229888K, 49% used [0x00000000c1c00000,0x00000000c8a13fa8,0x00000000cfc80000)
 Metaspace       used 176392K, capacity 178309K, committed 181632K, reserved 1202176K
  class space    used 26494K, capacity 27173K, committed 29824K, reserved 1048576K
Event: 4291.867 GC heap after
Heap after GC invocations=122 (full 6):
 PSYoungGen      total 227840K, used 60034K [0x00000000eb400000, 0x00000000ff480000, 0x0000000100000000)
  eden space 164352K, 0% used [0x00000000eb400000,0x00000000eb400000,0x00000000f5480000)
  from space 63488K, 94% used [0x00000000f9c80000,0x00000000fd7208b0,0x00000000fda80000)
  to   space 73728K, 0% used [0x00000000f5480000,0x00000000f5480000,0x00000000f9c80000)
 ParOldGen       total 229888K, used 112719K [0x00000000c1c00000, 0x00000000cfc80000, 0x00000000eb400000)
  object space 229888K, 49% used [0x00000000c1c00000,0x00000000c8a13fa8,0x00000000cfc80000)
 Metaspace       used 176392K, capacity 178309K, committed 181632K, reserved 1202176K
  class space    used 26494K, capacity 27173K, committed 29824K, reserved 1048576K
}

